<?xml version="1.0" encoding="UTF-8"?>
<testExecutions version="1">
  <file path="C:\Users\jale1\OneDrive\Escritorio\Prueba Zulu\zulu\src\components\products\details\ProductDetails.test.tsx">
    <testCase name="Product Details should render successfully" duration="69"/>
  </file>
  <file path="C:\Users\jale1\OneDrive\Escritorio\Prueba Zulu\zulu\src\components\products\cardItem\CardItem.test.tsx">
    <testCase name="Product Details should render successfully" duration="38"/>
    <testCase name="Product Details Elements referenced correctly" duration="22"/>
  </file>
  <file path="C:\Users\jale1\OneDrive\Escritorio\Prueba Zulu\zulu\src\components\layout\Layout.test.tsx">
    <testCase name="Layout should render successfully" duration="26"/>
  </file>
</testExecutions>